[2021-05-19 12:09:00] local.ERROR: Command "port" is not defined. {"exception":"[object] (Symfony\\Component\\Console\\Exception\\CommandNotFoundException(code: 0): Command \"port\" is not defined. at C:\\xampp\\htdocs\\Ali Gamal\\COVID-19 Register\\COVID-19Register\\vendor\\symfony\\console\\Application.php:675)
[stacktrace]
#0 C:\\xampp\\htdocs\\Ali Gamal\\COVID-19 Register\\COVID-19Register\\vendor\\symfony\\console\\Application.php(254): Symfony\\Component\\Console\\Application->find('port')
#1 C:\\xampp\\htdocs\\Ali Gamal\\COVID-19 Register\\COVID-19Register\\vendor\\symfony\\console\\Application.php(166): Symfony\\Component\\Console\\Application->doRun(Object(Symfony\\Component\\Console\\Input\\ArgvInput), Object(Symfony\\Component\\Console\\Output\\ConsoleOutput))
#2 C:\\xampp\\htdocs\\Ali Gamal\\COVID-19 Register\\COVID-19Register\\vendor\\laravel\\framework\\src\\Illuminate\\Console\\Application.php(92): Symfony\\Component\\Console\\Application->run(Object(Symfony\\Component\\Console\\Input\\ArgvInput), Object(Symfony\\Component\\Console\\Output\\ConsoleOutput))
#3 C:\\xampp\\htdocs\\Ali Gamal\\COVID-19 Register\\COVID-19Register\\vendor\\laravel\\framework\\src\\Illuminate\\Foundation\\Console\\Kernel.php(129): Illuminate\\Console\\Application->run(Object(Symfony\\Component\\Console\\Input\\ArgvInput), Object(Symfony\\Component\\Console\\Output\\ConsoleOutput))
#4 C:\\xampp\\htdocs\\Ali Gamal\\COVID-19 Register\\COVID-19Register\\artisan(37): Illuminate\\Foundation\\Console\\Kernel->handle(Object(Symfony\\Component\\Console\\Input\\ArgvInput), Object(Symfony\\Component\\Console\\Output\\ConsoleOutput))
#5 {main}
"} 
[2021-05-19 12:09:40] local.ERROR: The "--port" option does not exist. {"exception":"[object] (Symfony\\Component\\Console\\Exception\\RuntimeException(code: 0): The \"--port\" option does not exist. at C:\\xampp\\htdocs\\Ali Gamal\\COVID-19 Register\\COVID-19Register\\vendor\\symfony\\console\\Input\\ArgvInput.php:212)
[stacktrace]
#0 C:\\xampp\\htdocs\\Ali Gamal\\COVID-19 Register\\COVID-19Register\\vendor\\symfony\\console\\Input\\ArgvInput.php(140): Symfony\\Component\\Console\\Input\\ArgvInput->addLongOption('port', '8001')
#1 C:\\xampp\\htdocs\\Ali Gamal\\COVID-19 Register\\COVID-19Register\\vendor\\symfony\\console\\Input\\ArgvInput.php(76): Symfony\\Component\\Console\\Input\\ArgvInput->parseLongOption('--port=8001')
#2 C:\\xampp\\htdocs\\Ali Gamal\\COVID-19 Register\\COVID-19Register\\vendor\\symfony\\console\\Input\\Input.php(55): Symfony\\Component\\Console\\Input\\ArgvInput->parse()
#3 C:\\xampp\\htdocs\\Ali Gamal\\COVID-19 Register\\COVID-19Register\\vendor\\symfony\\console\\Command\\Command.php(215): Symfony\\Component\\Console\\Input\\Input->bind(Object(Symfony\\Component\\Console\\Input\\InputDefinition))
#4 C:\\xampp\\htdocs\\Ali Gamal\\COVID-19 Register\\COVID-19Register\\vendor\\symfony\\console\\Application.php(971): Symfony\\Component\\Console\\Command\\Command->run(Object(Symfony\\Component\\Console\\Input\\ArgvInput), Object(Symfony\\Component\\Console\\Output\\ConsoleOutput))
#5 C:\\xampp\\htdocs\\Ali Gamal\\COVID-19 Register\\COVID-19Register\\vendor\\symfony\\console\\Application.php(290): Symfony\\Component\\Console\\Application->doRunCommand(Object(Symfony\\Component\\Console\\Command\\ListCommand), Object(Symfony\\Component\\Console\\Input\\ArgvInput), Object(Symfony\\Component\\Console\\Output\\ConsoleOutput))
#6 C:\\xampp\\htdocs\\Ali Gamal\\COVID-19 Register\\COVID-19Register\\vendor\\symfony\\console\\Application.php(166): Symfony\\Component\\Console\\Application->doRun(Object(Symfony\\Component\\Console\\Input\\ArgvInput), Object(Symfony\\Component\\Console\\Output\\ConsoleOutput))
#7 C:\\xampp\\htdocs\\Ali Gamal\\COVID-19 Register\\COVID-19Register\\vendor\\laravel\\framework\\src\\Illuminate\\Console\\Application.php(92): Symfony\\Component\\Console\\Application->run(Object(Symfony\\Component\\Console\\Input\\ArgvInput), Object(Symfony\\Component\\Console\\Output\\ConsoleOutput))
#8 C:\\xampp\\htdocs\\Ali Gamal\\COVID-19 Register\\COVID-19Register\\vendor\\laravel\\framework\\src\\Illuminate\\Foundation\\Console\\Kernel.php(129): Illuminate\\Console\\Application->run(Object(Symfony\\Component\\Console\\Input\\ArgvInput), Object(Symfony\\Component\\Console\\Output\\ConsoleOutput))
#9 C:\\xampp\\htdocs\\Ali Gamal\\COVID-19 Register\\COVID-19Register\\artisan(37): Illuminate\\Foundation\\Console\\Kernel->handle(Object(Symfony\\Component\\Console\\Input\\ArgvInput), Object(Symfony\\Component\\Console\\Output\\ConsoleOutput))
#10 {main}
"} 
[2021-05-19 12:27:24] local.ERROR: syntax error, unexpected 'public' (T_PUBLIC), expecting ')' {"exception":"[object] (ParseError(code: 0): syntax error, unexpected 'public' (T_PUBLIC), expecting ')' at C:\\xampp\\htdocs\\Ali Gamal\\COVID-19 Register\\COVID-19Register\\database\\migrations\\2014_10_12_000000_create_users_table.php:34)
[stacktrace]
#0 C:\\xampp\\htdocs\\Ali Gamal\\COVID-19 Register\\COVID-19Register\\vendor\\laravel\\framework\\src\\Illuminate\\Filesystem\\Filesystem.php(133): Illuminate\\Filesystem\\Filesystem::Illuminate\\Filesystem\\{closure}()
#1 C:\\xampp\\htdocs\\Ali Gamal\\COVID-19 Register\\COVID-19Register\\vendor\\laravel\\framework\\src\\Illuminate\\Database\\Migrations\\Migrator.php(519): Illuminate\\Filesystem\\Filesystem->requireOnce('C:\\\\xampp\\\\htdocs...')
#2 C:\\xampp\\htdocs\\Ali Gamal\\COVID-19 Register\\COVID-19Register\\vendor\\laravel\\framework\\src\\Illuminate\\Database\\Migrations\\Migrator.php(105): Illuminate\\Database\\Migrations\\Migrator->requireFiles(Array)
#3 C:\\xampp\\htdocs\\Ali Gamal\\COVID-19 Register\\COVID-19Register\\vendor\\laravel\\framework\\src\\Illuminate\\Database\\Console\\Migrations\\MigrateCommand.php(85): Illuminate\\Database\\Migrations\\Migrator->run(Array, Array)
#4 C:\\xampp\\htdocs\\Ali Gamal\\COVID-19 Register\\COVID-19Register\\vendor\\laravel\\framework\\src\\Illuminate\\Database\\Migrations\\Migrator.php(578): Illuminate\\Database\\Console\\Migrations\\MigrateCommand->Illuminate\\Database\\Console\\Migrations\\{closure}()
#5 C:\\xampp\\htdocs\\Ali Gamal\\COVID-19 Register\\COVID-19Register\\vendor\\laravel\\framework\\src\\Illuminate\\Database\\Console\\Migrations\\MigrateCommand.php(94): Illuminate\\Database\\Migrations\\Migrator->usingConnection(NULL, Object(Closure))
#6 C:\\xampp\\htdocs\\Ali Gamal\\COVID-19 Register\\COVID-19Register\\vendor\\laravel\\framework\\src\\Illuminate\\Container\\BoundMethod.php(36): Illuminate\\Database\\Console\\Migrations\\MigrateCommand->handle()
#7 C:\\xampp\\htdocs\\Ali Gamal\\COVID-19 Register\\COVID-19Register\\vendor\\laravel\\framework\\src\\Illuminate\\Container\\Util.php(40): Illuminate\\Container\\BoundMethod::Illuminate\\Container\\{closure}()
#8 C:\\xampp\\htdocs\\Ali Gamal\\COVID-19 Register\\COVID-19Register\\vendor\\laravel\\framework\\src\\Illuminate\\Container\\BoundMethod.php(93): Illuminate\\Container\\Util::unwrapIfClosure(Object(Closure))
#9 C:\\xampp\\htdocs\\Ali Gamal\\COVID-19 Register\\COVID-19Register\\vendor\\laravel\\framework\\src\\Illuminate\\Container\\BoundMethod.php(37): Illuminate\\Container\\BoundMethod::callBoundMethod(Object(Illuminate\\Foundation\\Application), Array, Object(Closure))
#10 C:\\xampp\\htdocs\\Ali Gamal\\COVID-19 Register\\COVID-19Register\\vendor\\laravel\\framework\\src\\Illuminate\\Container\\Container.php(614): Illuminate\\Container\\BoundMethod::call(Object(Illuminate\\Foundation\\Application), Array, Array, NULL)
#11 C:\\xampp\\htdocs\\Ali Gamal\\COVID-19 Register\\COVID-19Register\\vendor\\laravel\\framework\\src\\Illuminate\\Console\\Command.php(136): Illuminate\\Container\\Container->call(Array)
#12 C:\\xampp\\htdocs\\Ali Gamal\\COVID-19 Register\\COVID-19Register\\vendor\\symfony\\console\\Command\\Command.php(256): Illuminate\\Console\\Command->execute(Object(Symfony\\Component\\Console\\Input\\ArgvInput), Object(Illuminate\\Console\\OutputStyle))
#13 C:\\xampp\\htdocs\\Ali Gamal\\COVID-19 Register\\COVID-19Register\\vendor\\laravel\\framework\\src\\Illuminate\\Console\\Command.php(121): Symfony\\Component\\Console\\Command\\Command->run(Object(Symfony\\Component\\Console\\Input\\ArgvInput), Object(Illuminate\\Console\\OutputStyle))
#14 C:\\xampp\\htdocs\\Ali Gamal\\COVID-19 Register\\COVID-19Register\\vendor\\symfony\\console\\Application.php(971): Illuminate\\Console\\Command->run(Object(Symfony\\Component\\Console\\Input\\ArgvInput), Object(Symfony\\Component\\Console\\Output\\ConsoleOutput))
#15 C:\\xampp\\htdocs\\Ali Gamal\\COVID-19 Register\\COVID-19Register\\vendor\\symfony\\console\\Application.php(290): Symfony\\Component\\Console\\Application->doRunCommand(Object(Illuminate\\Database\\Console\\Migrations\\MigrateCommand), Object(Symfony\\Component\\Console\\Input\\ArgvInput), Object(Symfony\\Component\\Console\\Output\\ConsoleOutput))
#16 C:\\xampp\\htdocs\\Ali Gamal\\COVID-19 Register\\COVID-19Register\\vendor\\symfony\\console\\Application.php(166): Symfony\\Component\\Console\\Application->doRun(Object(Symfony\\Component\\Console\\Input\\ArgvInput), Object(Symfony\\Component\\Console\\Output\\ConsoleOutput))
#17 C:\\xampp\\htdocs\\Ali Gamal\\COVID-19 Register\\COVID-19Register\\vendor\\laravel\\framework\\src\\Illuminate\\Console\\Application.php(92): Symfony\\Component\\Console\\Application->run(Object(Symfony\\Component\\Console\\Input\\ArgvInput), Object(Symfony\\Component\\Console\\Output\\ConsoleOutput))
#18 C:\\xampp\\htdocs\\Ali Gamal\\COVID-19 Register\\COVID-19Register\\vendor\\laravel\\framework\\src\\Illuminate\\Foundation\\Console\\Kernel.php(129): Illuminate\\Console\\Application->run(Object(Symfony\\Component\\Console\\Input\\ArgvInput), Object(Symfony\\Component\\Console\\Output\\ConsoleOutput))
#19 C:\\xampp\\htdocs\\Ali Gamal\\COVID-19 Register\\COVID-19Register\\artisan(37): Illuminate\\Foundation\\Console\\Kernel->handle(Object(Symfony\\Component\\Console\\Input\\ArgvInput), Object(Symfony\\Component\\Console\\Output\\ConsoleOutput))
#20 {main}
"} 
